#! /Users/laibanasir/Downloads/oss-cad-suite/bin/vvp
:ivl_version "14.0 (devel)" "(s20251012-146-g342a1626d)";
:ivl_delay_selection "TYPICAL";
:vpi_time_precision - 12;
:vpi_module "/Users/laibanasir/Downloads/oss-cad-suite/lib/ivl/system.vpi";
:vpi_module "/Users/laibanasir/Downloads/oss-cad-suite/lib/ivl/vhdl_sys.vpi";
:vpi_module "/Users/laibanasir/Downloads/oss-cad-suite/lib/ivl/vhdl_textio.vpi";
:vpi_module "/Users/laibanasir/Downloads/oss-cad-suite/lib/ivl/v2005_math.vpi";
:vpi_module "/Users/laibanasir/Downloads/oss-cad-suite/lib/ivl/va_math.vpi";
S_0x133e08ac0 .scope module, "testbench" "testbench" 2 5;
 .timescale -9 -12;
v0x600000080480_0 .var "A", 0 0;
v0x600000080510_0 .var "B", 0 0;
v0x6000000805a0_0 .net "C", 0 0, L_0x600001980cb0;  1 drivers
v0x600000080630_0 .net "S", 0 0, L_0x600001980c40;  1 drivers
v0x6000000806c0_0 .var "pass", 0 0;
v0x600000080750_0 .var/i "tests_failed", 31 0;
S_0x133e08280 .scope task, "test_00" "test_00" 2 32, 2 32 0, S_0x133e08ac0;
 .timescale -9 -12;
TD_testbench.test_00 ;
    %pushi/vec4 0, 0, 1;
    %store/vec4 v0x600000080480_0, 0, 1;
    %pushi/vec4 0, 0, 1;
    %store/vec4 v0x600000080510_0, 0, 1;
    %delay 5000, 0;
    ; show_stmt_assign_vector: Get l-value for compressed &= operand
    %load/vec4 v0x6000000806c0_0;
    %load/vec4 v0x600000080630_0;
    %pad/u 32;
    %pushi/vec4 0, 0, 32;
    %cmp/e;
    %flag_get/vec4 4;
    %load/vec4 v0x6000000805a0_0;
    %pad/u 32;
    %pushi/vec4 0, 0, 32;
    %cmp/e;
    %flag_get/vec4 4;
    %and;
    %and;
    %store/vec4 v0x6000000806c0_0, 0, 1;
    %load/vec4 v0x600000080630_0;
    %pad/u 32;
    %cmpi/ne 0, 0, 32;
    %jmp/1 T_0.2, 4;
    %flag_mov 8, 4;
    %load/vec4 v0x6000000805a0_0;
    %pad/u 32;
    %cmpi/ne 0, 0, 32;
    %flag_or 4, 8;
T_0.2;
    %jmp/0xz  T_0.0, 4;
    %load/vec4 v0x600000080750_0;
    %addi 1, 0, 32;
    %store/vec4 v0x600000080750_0, 0, 32;
T_0.0 ;
    %end;
S_0x133e083f0 .scope task, "test_01" "test_01" 2 43, 2 43 0, S_0x133e08ac0;
 .timescale -9 -12;
TD_testbench.test_01 ;
    %pushi/vec4 0, 0, 1;
    %store/vec4 v0x600000080480_0, 0, 1;
    %pushi/vec4 1, 0, 1;
    %store/vec4 v0x600000080510_0, 0, 1;
    %delay 5000, 0;
    ; show_stmt_assign_vector: Get l-value for compressed &= operand
    %load/vec4 v0x6000000806c0_0;
    %load/vec4 v0x600000080630_0;
    %pad/u 32;
    %pushi/vec4 1, 0, 32;
    %cmp/e;
    %flag_get/vec4 4;
    %load/vec4 v0x6000000805a0_0;
    %pad/u 32;
    %pushi/vec4 0, 0, 32;
    %cmp/e;
    %flag_get/vec4 4;
    %and;
    %and;
    %store/vec4 v0x6000000806c0_0, 0, 1;
    %load/vec4 v0x600000080630_0;
    %pad/u 32;
    %cmpi/ne 1, 0, 32;
    %jmp/1 T_1.5, 4;
    %flag_mov 8, 4;
    %load/vec4 v0x6000000805a0_0;
    %pad/u 32;
    %cmpi/ne 0, 0, 32;
    %flag_or 4, 8;
T_1.5;
    %jmp/0xz  T_1.3, 4;
    %load/vec4 v0x600000080750_0;
    %addi 1, 0, 32;
    %store/vec4 v0x600000080750_0, 0, 32;
T_1.3 ;
    %end;
S_0x133e08560 .scope task, "test_10" "test_10" 2 55, 2 55 0, S_0x133e08ac0;
 .timescale -9 -12;
TD_testbench.test_10 ;
    %pushi/vec4 1, 0, 1;
    %store/vec4 v0x600000080480_0, 0, 1;
    %pushi/vec4 0, 0, 1;
    %store/vec4 v0x600000080510_0, 0, 1;
    %delay 5000, 0;
    ; show_stmt_assign_vector: Get l-value for compressed &= operand
    %load/vec4 v0x6000000806c0_0;
    %load/vec4 v0x600000080630_0;
    %pad/u 32;
    %pushi/vec4 1, 0, 32;
    %cmp/e;
    %flag_get/vec4 4;
    %load/vec4 v0x6000000805a0_0;
    %pad/u 32;
    %pushi/vec4 0, 0, 32;
    %cmp/e;
    %flag_get/vec4 4;
    %and;
    %and;
    %store/vec4 v0x6000000806c0_0, 0, 1;
    %load/vec4 v0x600000080630_0;
    %pad/u 32;
    %cmpi/ne 1, 0, 32;
    %jmp/1 T_2.8, 4;
    %flag_mov 8, 4;
    %load/vec4 v0x6000000805a0_0;
    %pad/u 32;
    %cmpi/ne 0, 0, 32;
    %flag_or 4, 8;
T_2.8;
    %jmp/0xz  T_2.6, 4;
    %load/vec4 v0x600000080750_0;
    %addi 1, 0, 32;
    %store/vec4 v0x600000080750_0, 0, 32;
T_2.6 ;
    %end;
S_0x133e04aa0 .scope task, "test_11" "test_11" 2 66, 2 66 0, S_0x133e08ac0;
 .timescale -9 -12;
TD_testbench.test_11 ;
    %pushi/vec4 1, 0, 1;
    %store/vec4 v0x600000080480_0, 0, 1;
    %pushi/vec4 1, 0, 1;
    %store/vec4 v0x600000080510_0, 0, 1;
    %delay 5000, 0;
    ; show_stmt_assign_vector: Get l-value for compressed &= operand
    %load/vec4 v0x6000000806c0_0;
    %load/vec4 v0x600000080630_0;
    %pad/u 32;
    %pushi/vec4 0, 0, 32;
    %cmp/e;
    %flag_get/vec4 4;
    %load/vec4 v0x6000000805a0_0;
    %pad/u 32;
    %pushi/vec4 0, 0, 32;
    %cmp/e;
    %flag_get/vec4 4;
    %and;
    %and;
    %store/vec4 v0x6000000806c0_0, 0, 1;
    %load/vec4 v0x600000080630_0;
    %pad/u 32;
    %cmpi/ne 0, 0, 32;
    %jmp/1 T_3.11, 4;
    %flag_mov 8, 4;
    %load/vec4 v0x6000000805a0_0;
    %pad/u 32;
    %cmpi/ne 0, 0, 32;
    %flag_or 4, 8;
T_3.11;
    %jmp/0xz  T_3.9, 4;
    %load/vec4 v0x600000080750_0;
    %addi 1, 0, 32;
    %store/vec4 v0x600000080750_0, 0, 32;
T_3.9 ;
    %end;
S_0x133e04c10 .scope module, "uut" "halfadder" 2 16, 3 2 0, S_0x133e08ac0;
 .timescale -9 -12;
    .port_info 0 /INPUT 1 "a";
    .port_info 1 /INPUT 1 "b";
    .port_info 2 /OUTPUT 1 "s";
    .port_info 3 /OUTPUT 1 "c";
L_0x600001980c40 .functor XOR 1, v0x600000080480_0, v0x600000080510_0, C4<0>, C4<0>;
L_0x600001980cb0 .functor AND 1, v0x600000080480_0, v0x600000080510_0, C4<1>, C4<1>;
v0x600000080240_0 .net "a", 0 0, v0x600000080480_0;  1 drivers
v0x6000000802d0_0 .net "b", 0 0, v0x600000080510_0;  1 drivers
v0x600000080360_0 .net "c", 0 0, L_0x600001980cb0;  alias, 1 drivers
v0x6000000803f0_0 .net "s", 0 0, L_0x600001980c40;  alias, 1 drivers
    .scope S_0x133e08ac0;
T_4 ;
    %vpi_call 2 20 "$dumpfile", "tb.vcd" {0 0 0};
    %vpi_call 2 21 "$dumpvars", 32'sb00000000000000000000000000000000, S_0x133e08ac0 {0 0 0};
    %pushi/vec4 0, 0, 1;
    %store/vec4 v0x600000080480_0, 0, 1;
    %pushi/vec4 0, 0, 1;
    %store/vec4 v0x600000080510_0, 0, 1;
    %pushi/vec4 1, 0, 1;
    %store/vec4 v0x6000000806c0_0, 0, 1;
    %pushi/vec4 0, 0, 32;
    %store/vec4 v0x600000080750_0, 0, 32;
    %end;
    .thread T_4;
    .scope S_0x133e08ac0;
T_5 ;
    %fork TD_testbench.test_00, S_0x133e08280;
    %join;
    %delay 15000, 0;
    %fork TD_testbench.test_01, S_0x133e083f0;
    %join;
    %delay 15000, 0;
    %fork TD_testbench.test_10, S_0x133e08560;
    %join;
    %delay 15000, 0;
    %fork TD_testbench.test_11, S_0x133e04aa0;
    %join;
    %delay 15000, 0;
    %load/vec4 v0x6000000806c0_0;
    %flag_set/vec4 8;
    %jmp/0xz  T_5.0, 8;
    %vpi_call 2 86 "$display", "all tests passed!" {0 0 0};
    %jmp T_5.1;
T_5.0 ;
    %vpi_call 2 88 "$display", "failed tests!!" {0 0 0};
    %vpi_call 2 89 "$display", "# of failed tests: %0d", v0x600000080750_0 {0 0 0};
T_5.1 ;
    %end;
    .thread T_5;
# The file index is used to find the file name in the following table.
:file_names 4;
    "N/A";
    "<interactive>";
    "testbench.sv";
    "./halfadder.sv";
